生成启动时间为 2018/10/19 23:33:16。
     1>项目“D:\c程序\菜单  新\菜单  新\菜单  新.vcxproj”在节点 2 上(build 个目标)。
     1>InitializeBuildStatus:
         正在创建“Debug\菜单  新.unsuccessfulbuild”，因为已指定“AlwaysCreate”。
       ClCompile:
         D:\vs\VC\bin\CL.exe /c /ZI /nologo /W3 /WX- /Od /Oy- /D _UNICODE /D UNICODE /Gm /EHsc /RTC1 /MDd /GS /fp:precise /Zc:wchar_t /Zc:forScope /Fo"Debug\\" /Fd"Debug\vc100.pdb" /Gd /TP /analyze- /errorReport:prompt "菜单 新.cpp"
         菜单 新.cpp
     1>d:\c程序\菜单  新\菜单  新\菜单 新.cpp(29): warning C4996: 'kbhit': The POSIX name for this item is deprecated. Instead, use the ISO C++ conformant name: _kbhit. See online help for details.
                 d:\vs\vc\include\conio.h(130) : 参见“kbhit”的声明
     1>d:\c程序\菜单  新\菜单  新\菜单 新.cpp(31): warning C4996: 'getch': The POSIX name for this item is deprecated. Instead, use the ISO C++ conformant name: _getch. See online help for details.
                 d:\vs\vc\include\conio.h(128) : 参见“getch”的声明
     1>d:\c程序\菜单  新\菜单  新\菜单 新.cpp(54): warning C4996: 'kbhit': The POSIX name for this item is deprecated. Instead, use the ISO C++ conformant name: _kbhit. See online help for details.
                 d:\vs\vc\include\conio.h(130) : 参见“kbhit”的声明
     1>d:\c程序\菜单  新\菜单  新\菜单 新.cpp(89): warning C4996: 'kbhit': The POSIX name for this item is deprecated. Instead, use the ISO C++ conformant name: _kbhit. See online help for details.
                 d:\vs\vc\include\conio.h(130) : 参见“kbhit”的声明
     1>d:\c程序\菜单  新\菜单  新\菜单 新.cpp(186): warning C4996: 'scanf': This function or variable may be unsafe. Consider using scanf_s instead. To disable deprecation, use _CRT_SECURE_NO_WARNINGS. See online help for details.
                 d:\vs\vc\include\stdio.h(304) : 参见“scanf”的声明
       Link:
         D:\vs\VC\bin\link.exe /ERRORREPORT:PROMPT /OUT:"D:\c程序\菜单  新\Debug\菜单  新.exe" /NOLOGO kernel32.lib user32.lib gdi32.lib winspool.lib comdlg32.lib advapi32.lib shell32.lib ole32.lib oleaut32.lib uuid.lib odbc32.lib odbccp32.lib /MANIFEST /ManifestFile:"Debug\菜单  新.exe.intermediate.manifest" /MANIFESTUAC:"level='asInvoker' uiAccess='false'" /DEBUG /PDB:"D:\c程序\菜单  新\Debug\菜单  新.pdb" /TLBID:1 /DYNAMICBASE /NXCOMPAT /IMPLIB:"D:\c程序\菜单  新\Debug\菜单  新.lib" /MACHINE:X86 "Debug\菜单 新.obj"
         LINK : 没有找到 D:\c程序\菜单  新\Debug\菜单  新.exe 或上一个增量链接没有生成它；正在执行完全链接
         菜单  新.vcxproj -> D:\c程序\菜单  新\Debug\菜单  新.exe
       Manifest:
         C:\Program Files (x86)\Microsoft SDKs\Windows\v7.0A\bin\mt.exe /nologo /verbose /outputresource:"D:\c程序\菜单  新\Debug\菜单  新.exe;#1" /manifest "Debug\菜单  新.exe.intermediate.manifest"
       FinalizeBuildStatus:
         正在删除文件“Debug\菜单  新.unsuccessfulbuild”。
         正在对“Debug\菜单  新.lastbuildstate”执行 Touch 任务。
     1>已完成生成项目“D:\c程序\菜单  新\菜单  新\菜单  新.vcxproj”(build 个目标)的操作。

生成成功。

已用时间 00:00:41.69
